<?xml version="1.0" encoding="UTF-8"?>
<!-- Generated by org.testng.reporters.JUnitXMLReporter -->
<testsuite hostname="DESKTOP-7G8TFB3" ignored="0" tests="15" failures="0" timestamp="2021-12-10T17:04:35 CST" time="0.114" errors="0">
  <testcase name="test" time="0.004" classname="TestDataDrivenJiPath"/>
  <testcase name="test" time="0.0" classname="TestDataDrivenJiPath"/>
  <testcase name="test" time="0.0" classname="TestDataDrivenJiPath"/>
  <testcase name="test" time="0.001" classname="TestDataDrivenJiPath"/>
  <testcase name="test" time="0.0" classname="TestDataDrivenJiPath"/>
  <testcase name="test" time="0.0" classname="TestDataDrivenJiPath"/>
  <testcase name="test" time="0.0" classname="TestDataDrivenJiPath"/>
  <testcase name="test" time="0.0" classname="TestDataDrivenJiPath"/>
  <testcase name="test" time="0.0" classname="TestDataDrivenJiPath"/>
  <testcase name="test" time="0.001" classname="TestDataDrivenJiPath"/>
  <testcase name="test" time="0.0" classname="TestDataDrivenJiPath"/>
  <testcase name="test" time="0.0" classname="TestDataDrivenJiPath"/>
  <testcase name="test" time="0.0" classname="TestDataDrivenJiPath"/>
  <testcase name="test" time="0.0" classname="TestDataDrivenJiPath"/>
  <testcase name="test" time="0.0" classname="TestDataDrivenJiPath"/>
</testsuite>
