<?xml version="1.0" encoding="UTF-8"?>
<testng-results skipped="0" failed="1" ignored="0" total="3" passed="2">
  <reporter-output>
  </reporter-output>
  <suite name="Default Suite" duration-ms="55" started-at="2021-11-17T22:28:15 CST" finished-at="2021-11-17T22:28:15 CST">
    <groups>
      <group name="分组一">
        <method signature="DemoTest.testCase()[pri:0, instance:DemoTest@685cb137]" name="testCase" class="DemoTest"/>
      </group> <!-- 分组一 -->
      <group name="分组二">
        <method signature="DemoTest.testCase2_1()[pri:0, instance:DemoTest@685cb137]" name="testCase2_1" class="DemoTest"/>
        <method signature="DemoTest.testCase2_2(java.lang.String)[pri:0, instance:DemoTest@685cb137]" name="testCase2_2" class="DemoTest"/>
      </group> <!-- 分组二 -->
    </groups>
    <test name="TestNG" duration-ms="55" started-at="2021-11-17T22:28:15 CST" finished-at="2021-11-17T22:28:15 CST">
      <class name="DemoTest">
        <test-method status="PASS" signature="beforeSuite()[pri:0, instance:DemoTest@685cb137]" name="beforeSuite" is-config="true" duration-ms="11" started-at="2021-11-17T22:28:15 CST" finished-at="2021-11-17T22:28:15 CST">
          <reporter-output>
          </reporter-output>
        </test-method> <!-- beforeSuite -->
        <test-method status="PASS" signature="beforeTest()[pri:0, instance:DemoTest@685cb137]" name="beforeTest" is-config="true" duration-ms="0" started-at="2021-11-17T22:28:15 CST" finished-at="2021-11-17T22:28:15 CST">
          <reporter-output>
          </reporter-output>
        </test-method> <!-- beforeTest -->
        <test-method status="PASS" signature="beforeClass()[pri:0, instance:DemoTest@685cb137]" name="beforeClass" is-config="true" duration-ms="1" started-at="2021-11-17T22:28:15 CST" finished-at="2021-11-17T22:28:15 CST">
          <reporter-output>
          </reporter-output>
        </test-method> <!-- beforeClass -->
        <test-method status="PASS" signature="setUp()[pri:0, instance:DemoTest@685cb137]" name="setUp" is-config="true" duration-ms="1" started-at="2021-11-17T22:28:15 CST" finished-at="2021-11-17T22:28:15 CST">
          <reporter-output>
          </reporter-output>
        </test-method> <!-- setUp -->
        <test-method status="PASS" signature="testCase()[pri:0, instance:DemoTest@685cb137]" name="testCase" duration-ms="1" started-at="2021-11-17T22:28:15 CST" finished-at="2021-11-17T22:28:15 CST">
          <reporter-output>
          </reporter-output>
        </test-method> <!-- testCase -->
        <test-method status="PASS" signature="tearDown()[pri:0, instance:DemoTest@685cb137]" name="tearDown" is-config="true" duration-ms="0" started-at="2021-11-17T22:28:15 CST" finished-at="2021-11-17T22:28:15 CST">
          <reporter-output>
          </reporter-output>
        </test-method> <!-- tearDown -->
        <test-method status="PASS" signature="testCase2_1()[pri:0, instance:DemoTest@685cb137]" name="testCase2_1" duration-ms="0" started-at="2021-11-17T22:28:15 CST" finished-at="2021-11-17T22:28:15 CST">
          <reporter-output>
          </reporter-output>
        </test-method> <!-- testCase2_1 -->
        <test-method status="PASS" signature="setUp()[pri:0, instance:DemoTest@685cb137]" name="setUp" is-config="true" duration-ms="0" started-at="2021-11-17T22:28:15 CST" finished-at="2021-11-17T22:28:15 CST">
          <reporter-output>
          </reporter-output>
        </test-method> <!-- setUp -->
        <test-method status="PASS" signature="tearDown()[pri:0, instance:DemoTest@685cb137]" name="tearDown" is-config="true" duration-ms="1" started-at="2021-11-17T22:28:15 CST" finished-at="2021-11-17T22:28:15 CST">
          <reporter-output>
          </reporter-output>
        </test-method> <!-- tearDown -->
        <test-method status="FAIL" signature="testCase2_2(java.lang.String)[pri:0, instance:DemoTest@685cb137]" name="testCase2_2" duration-ms="0" started-at="2021-11-17T22:28:15 CST" finished-at="2021-11-17T22:28:15 CST">
          <exception class="org.testng.TestNGException">
            <message>
              <![CDATA[
Parameter 'a' is required by @Test on method testCase2_2 but has not been marked @Optional or defined
in C:\Users\86198\.IntelliJIdea2019.3\system\temp-testng-customsuite.xml]]>
            </message>
            <full-stacktrace>
              <![CDATA[org.testng.TestNGException: 
Parameter 'a' is required by @Test on method testCase2_2 but has not been marked @Optional or defined
in C:\Users\86198\.IntelliJIdea2019.3\system\temp-testng-customsuite.xml
at org.testng.internal.Parameters.createParams(Parameters.java:270)
at org.testng.internal.Parameters.createParametersForMethod(Parameters.java:358)
at org.testng.internal.Parameters.createParameters(Parameters.java:700)
at org.testng.internal.Parameters.handleParameters(Parameters.java:884)
at org.testng.internal.Parameters.handleParameters(Parameters.java:740)
at org.testng.internal.ParameterHandler.handleParameters(ParameterHandler.java:59)
at org.testng.internal.ParameterHandler.createParameters(ParameterHandler.java:38)
at org.testng.internal.TestInvoker$MethodInvocationAgent.invoke(TestInvoker.java:791)
at org.testng.internal.TestInvoker.invokeTestMethods(TestInvoker.java:146)
at org.testng.internal.TestMethodWorker.invokeTestMethods(TestMethodWorker.java:146)
at org.testng.internal.TestMethodWorker.run(TestMethodWorker.java:128)
at java.util.ArrayList.forEach(ArrayList.java:1257)
at org.testng.TestRunner.privateRun(TestRunner.java:794)
at org.testng.TestRunner.run(TestRunner.java:596)
at org.testng.SuiteRunner.runTest(SuiteRunner.java:377)
at org.testng.SuiteRunner.runSequentially(SuiteRunner.java:371)
at org.testng.SuiteRunner.privateRun(SuiteRunner.java:332)
at org.testng.SuiteRunner.run(SuiteRunner.java:276)
at org.testng.SuiteRunnerWorker.runSuite(SuiteRunnerWorker.java:53)
at org.testng.SuiteRunnerWorker.run(SuiteRunnerWorker.java:96)
at org.testng.TestNG.runSuitesSequentially(TestNG.java:1212)
at org.testng.TestNG.runSuitesLocally(TestNG.java:1134)
at org.testng.TestNG.runSuites(TestNG.java:1063)
at org.testng.TestNG.run(TestNG.java:1031)
at com.intellij.rt.testng.IDEARemoteTestNG.run(IDEARemoteTestNG.java:66)
at com.intellij.rt.testng.RemoteTestNGStarter.main(RemoteTestNGStarter.java:110)
]]>
            </full-stacktrace>
          </exception> <!-- org.testng.TestNGException -->
          <reporter-output>
          </reporter-output>
        </test-method> <!-- testCase2_2 -->
        <test-method status="PASS" signature="afterClass()[pri:0, instance:DemoTest@685cb137]" name="afterClass" is-config="true" duration-ms="0" started-at="2021-11-17T22:28:15 CST" finished-at="2021-11-17T22:28:15 CST">
          <reporter-output>
          </reporter-output>
        </test-method> <!-- afterClass -->
        <test-method status="PASS" signature="afterTest()[pri:0, instance:DemoTest@685cb137]" name="afterTest" is-config="true" duration-ms="0" started-at="2021-11-17T22:28:15 CST" finished-at="2021-11-17T22:28:15 CST">
          <reporter-output>
          </reporter-output>
        </test-method> <!-- afterTest -->
        <test-method status="PASS" signature="afterSuite()[pri:0, instance:DemoTest@685cb137]" name="afterSuite" is-config="true" duration-ms="1" started-at="2021-11-17T22:28:15 CST" finished-at="2021-11-17T22:28:15 CST">
          <reporter-output>
          </reporter-output>
        </test-method> <!-- afterSuite -->
      </class> <!-- DemoTest -->
    </test> <!-- TestNG -->
  </suite> <!-- Default Suite -->
</testng-results>
