<?xml version="1.0" encoding="UTF-8"?>
<testng-results skipped="0" failed="0" ignored="0" total="15" passed="15">
  <reporter-output>
  </reporter-output>
  <suite name="Default Suite" duration-ms="114" started-at="2021-12-10T17:04:35 CST" finished-at="2021-12-10T17:04:35 CST">
    <groups>
    </groups>
    <test name="TestNGExp" duration-ms="114" started-at="2021-12-10T17:04:35 CST" finished-at="2021-12-10T17:04:35 CST">
      <class name="TestDataDrivenJiPath">
        <test-method status="PASS" signature="start()[pri:0, instance:TestDataDrivenJiPath@13805618]" name="start" is-config="true" duration-ms="24" started-at="2021-12-10T17:04:35 CST" finished-at="2021-12-10T17:04:35 CST">
          <reporter-output>
          </reporter-output>
        </test-method> <!-- start -->
        <test-method status="PASS" signature="setUp()[pri:0, instance:TestDataDrivenJiPath@13805618]" name="setUp" is-config="true" duration-ms="0" started-at="2021-12-10T17:04:35 CST" finished-at="2021-12-10T17:04:35 CST">
          <reporter-output>
          </reporter-output>
        </test-method> <!-- setUp -->
        <test-method status="PASS" signature="test(java.lang.String,java.lang.String,java.lang.String,java.lang.String)[pri:0, instance:TestDataDrivenJiPath@13805618]" name="test" duration-ms="4" started-at="2021-12-10T17:04:35 CST" data-provider="testData" finished-at="2021-12-10T17:04:35 CST">
          <params>
            <param index="0">
              <value>
                <![CDATA[1.1]]>
              </value>
            </param>
            <param index="1">
              <value>
                <![CDATA[1]]>
              </value>
            </param>
            <param index="2">
              <value>
                <![CDATA[1]]>
              </value>
            </param>
            <param index="3">
              <value>
                <![CDATA[ -1]]>
              </value>
            </param>
          </params>
          <reporter-output>
          </reporter-output>
        </test-method> <!-- test -->
        <test-method status="PASS" signature="tearDown()[pri:0, instance:TestDataDrivenJiPath@13805618]" name="tearDown" is-config="true" duration-ms="1" started-at="2021-12-10T17:04:35 CST" finished-at="2021-12-10T17:04:35 CST">
          <reporter-output>
          </reporter-output>
        </test-method> <!-- tearDown -->
        <test-method status="PASS" signature="setUp()[pri:0, instance:TestDataDrivenJiPath@13805618]" name="setUp" is-config="true" duration-ms="0" started-at="2021-12-10T17:04:35 CST" finished-at="2021-12-10T17:04:35 CST">
          <reporter-output>
          </reporter-output>
        </test-method> <!-- setUp -->
        <test-method status="PASS" signature="tearDown()[pri:0, instance:TestDataDrivenJiPath@13805618]" name="tearDown" is-config="true" duration-ms="1" started-at="2021-12-10T17:04:35 CST" finished-at="2021-12-10T17:04:35 CST">
          <reporter-output>
          </reporter-output>
        </test-method> <!-- tearDown -->
        <test-method status="PASS" signature="test(java.lang.String,java.lang.String,java.lang.String,java.lang.String)[pri:0, instance:TestDataDrivenJiPath@13805618]" name="test" duration-ms="0" started-at="2021-12-10T17:04:35 CST" data-provider="testData" finished-at="2021-12-10T17:04:35 CST">
          <params>
            <param index="0">
              <value>
                <![CDATA[1]]>
              </value>
            </param>
            <param index="1">
              <value>
                <![CDATA[1]]>
              </value>
            </param>
            <param index="2">
              <value>
                <![CDATA[1]]>
              </value>
            </param>
            <param index="3">
              <value>
                <![CDATA[ 1]]>
              </value>
            </param>
          </params>
          <reporter-output>
          </reporter-output>
        </test-method> <!-- test -->
        <test-method status="PASS" signature="setUp()[pri:0, instance:TestDataDrivenJiPath@13805618]" name="setUp" is-config="true" duration-ms="1" started-at="2021-12-10T17:04:35 CST" finished-at="2021-12-10T17:04:35 CST">
          <reporter-output>
          </reporter-output>
        </test-method> <!-- setUp -->
        <test-method status="PASS" signature="test(java.lang.String,java.lang.String,java.lang.String,java.lang.String)[pri:0, instance:TestDataDrivenJiPath@13805618]" name="test" duration-ms="0" started-at="2021-12-10T17:04:35 CST" data-provider="testData" finished-at="2021-12-10T17:04:35 CST">
          <params>
            <param index="0">
              <value>
                <![CDATA[1]]>
              </value>
            </param>
            <param index="1">
              <value>
                <![CDATA[2]]>
              </value>
            </param>
            <param index="2">
              <value>
                <![CDATA[1]]>
              </value>
            </param>
            <param index="3">
              <value>
                <![CDATA[ 4]]>
              </value>
            </param>
          </params>
          <reporter-output>
          </reporter-output>
        </test-method> <!-- test -->
        <test-method status="PASS" signature="tearDown()[pri:0, instance:TestDataDrivenJiPath@13805618]" name="tearDown" is-config="true" duration-ms="0" started-at="2021-12-10T17:04:35 CST" finished-at="2021-12-10T17:04:35 CST">
          <reporter-output>
          </reporter-output>
        </test-method> <!-- tearDown -->
        <test-method status="PASS" signature="test(java.lang.String,java.lang.String,java.lang.String,java.lang.String)[pri:0, instance:TestDataDrivenJiPath@13805618]" name="test" duration-ms="1" started-at="2021-12-10T17:04:35 CST" data-provider="testData" finished-at="2021-12-10T17:04:35 CST">
          <params>
            <param index="0">
              <value>
                <![CDATA[1]]>
              </value>
            </param>
            <param index="1">
              <value>
                <![CDATA[3]]>
              </value>
            </param>
            <param index="2">
              <value>
                <![CDATA[1]]>
              </value>
            </param>
            <param index="3">
              <value>
                <![CDATA[ 4]]>
              </value>
            </param>
          </params>
          <reporter-output>
          </reporter-output>
        </test-method> <!-- test -->
        <test-method status="PASS" signature="setUp()[pri:0, instance:TestDataDrivenJiPath@13805618]" name="setUp" is-config="true" duration-ms="0" started-at="2021-12-10T17:04:35 CST" finished-at="2021-12-10T17:04:35 CST">
          <reporter-output>
          </reporter-output>
        </test-method> <!-- setUp -->
        <test-method status="PASS" signature="tearDown()[pri:0, instance:TestDataDrivenJiPath@13805618]" name="tearDown" is-config="true" duration-ms="0" started-at="2021-12-10T17:04:35 CST" finished-at="2021-12-10T17:04:35 CST">
          <reporter-output>
          </reporter-output>
        </test-method> <!-- tearDown -->
        <test-method status="PASS" signature="test(java.lang.String,java.lang.String,java.lang.String,java.lang.String)[pri:0, instance:TestDataDrivenJiPath@13805618]" name="test" duration-ms="0" started-at="2021-12-10T17:04:35 CST" data-provider="testData" finished-at="2021-12-10T17:04:35 CST">
          <params>
            <param index="0">
              <value>
                <![CDATA[1]]>
              </value>
            </param>
            <param index="1">
              <value>
                <![CDATA[4]]>
              </value>
            </param>
            <param index="2">
              <value>
                <![CDATA[1]]>
              </value>
            </param>
            <param index="3">
              <value>
                <![CDATA[ 0]]>
              </value>
            </param>
          </params>
          <reporter-output>
          </reporter-output>
        </test-method> <!-- test -->
        <test-method status="PASS" signature="setUp()[pri:0, instance:TestDataDrivenJiPath@13805618]" name="setUp" is-config="true" duration-ms="0" started-at="2021-12-10T17:04:35 CST" finished-at="2021-12-10T17:04:35 CST">
          <reporter-output>
          </reporter-output>
        </test-method> <!-- setUp -->
        <test-method status="PASS" signature="tearDown()[pri:0, instance:TestDataDrivenJiPath@13805618]" name="tearDown" is-config="true" duration-ms="1" started-at="2021-12-10T17:04:35 CST" finished-at="2021-12-10T17:04:35 CST">
          <reporter-output>
          </reporter-output>
        </test-method> <!-- tearDown -->
        <test-method status="PASS" signature="setUp()[pri:0, instance:TestDataDrivenJiPath@13805618]" name="setUp" is-config="true" duration-ms="1" started-at="2021-12-10T17:04:35 CST" finished-at="2021-12-10T17:04:35 CST">
          <reporter-output>
          </reporter-output>
        </test-method> <!-- setUp -->
        <test-method status="PASS" signature="test(java.lang.String,java.lang.String,java.lang.String,java.lang.String)[pri:0, instance:TestDataDrivenJiPath@13805618]" name="test" duration-ms="0" started-at="2021-12-10T17:04:35 CST" data-provider="testData" finished-at="2021-12-10T17:04:35 CST">
          <params>
            <param index="0">
              <value>
                <![CDATA[1]]>
              </value>
            </param>
            <param index="1">
              <value>
                <![CDATA[5]]>
              </value>
            </param>
            <param index="2">
              <value>
                <![CDATA[1]]>
              </value>
            </param>
            <param index="3">
              <value>
                <![CDATA[ 2]]>
              </value>
            </param>
          </params>
          <reporter-output>
          </reporter-output>
        </test-method> <!-- test -->
        <test-method status="PASS" signature="tearDown()[pri:0, instance:TestDataDrivenJiPath@13805618]" name="tearDown" is-config="true" duration-ms="0" started-at="2021-12-10T17:04:35 CST" finished-at="2021-12-10T17:04:35 CST">
          <reporter-output>
          </reporter-output>
        </test-method> <!-- tearDown -->
        <test-method status="PASS" signature="setUp()[pri:0, instance:TestDataDrivenJiPath@13805618]" name="setUp" is-config="true" duration-ms="1" started-at="2021-12-10T17:04:35 CST" finished-at="2021-12-10T17:04:35 CST">
          <reporter-output>
          </reporter-output>
        </test-method> <!-- setUp -->
        <test-method status="PASS" signature="test(java.lang.String,java.lang.String,java.lang.String,java.lang.String)[pri:0, instance:TestDataDrivenJiPath@13805618]" name="test" duration-ms="0" started-at="2021-12-10T17:04:35 CST" data-provider="testData" finished-at="2021-12-10T17:04:35 CST">
          <params>
            <param index="0">
              <value>
                <![CDATA[1]]>
              </value>
            </param>
            <param index="1">
              <value>
                <![CDATA[6]]>
              </value>
            </param>
            <param index="2">
              <value>
                <![CDATA[1]]>
              </value>
            </param>
            <param index="3">
              <value>
                <![CDATA[ 5]]>
              </value>
            </param>
          </params>
          <reporter-output>
          </reporter-output>
        </test-method> <!-- test -->
        <test-method status="PASS" signature="setUp()[pri:0, instance:TestDataDrivenJiPath@13805618]" name="setUp" is-config="true" duration-ms="1" started-at="2021-12-10T17:04:35 CST" finished-at="2021-12-10T17:04:35 CST">
          <reporter-output>
          </reporter-output>
        </test-method> <!-- setUp -->
        <test-method status="PASS" signature="tearDown()[pri:0, instance:TestDataDrivenJiPath@13805618]" name="tearDown" is-config="true" duration-ms="0" started-at="2021-12-10T17:04:35 CST" finished-at="2021-12-10T17:04:35 CST">
          <reporter-output>
          </reporter-output>
        </test-method> <!-- tearDown -->
        <test-method status="PASS" signature="test(java.lang.String,java.lang.String,java.lang.String,java.lang.String)[pri:0, instance:TestDataDrivenJiPath@13805618]" name="test" duration-ms="0" started-at="2021-12-10T17:04:35 CST" data-provider="testData" finished-at="2021-12-10T17:04:35 CST">
          <params>
            <param index="0">
              <value>
                <![CDATA[2]]>
              </value>
            </param>
            <param index="1">
              <value>
                <![CDATA[1]]>
              </value>
            </param>
            <param index="2">
              <value>
                <![CDATA[1]]>
              </value>
            </param>
            <param index="3">
              <value>
                <![CDATA[ 2]]>
              </value>
            </param>
          </params>
          <reporter-output>
          </reporter-output>
        </test-method> <!-- test -->
        <test-method status="PASS" signature="tearDown()[pri:0, instance:TestDataDrivenJiPath@13805618]" name="tearDown" is-config="true" duration-ms="1" started-at="2021-12-10T17:04:35 CST" finished-at="2021-12-10T17:04:35 CST">
          <reporter-output>
          </reporter-output>
        </test-method> <!-- tearDown -->
        <test-method status="PASS" signature="setUp()[pri:0, instance:TestDataDrivenJiPath@13805618]" name="setUp" is-config="true" duration-ms="1" started-at="2021-12-10T17:04:35 CST" finished-at="2021-12-10T17:04:35 CST">
          <reporter-output>
          </reporter-output>
        </test-method> <!-- setUp -->
        <test-method status="PASS" signature="test(java.lang.String,java.lang.String,java.lang.String,java.lang.String)[pri:0, instance:TestDataDrivenJiPath@13805618]" name="test" duration-ms="0" started-at="2021-12-10T17:04:35 CST" data-provider="testData" finished-at="2021-12-10T17:04:35 CST">
          <params>
            <param index="0">
              <value>
                <![CDATA[3]]>
              </value>
            </param>
            <param index="1">
              <value>
                <![CDATA[1]]>
              </value>
            </param>
            <param index="2">
              <value>
                <![CDATA[1]]>
              </value>
            </param>
            <param index="3">
              <value>
                <![CDATA[ 3]]>
              </value>
            </param>
          </params>
          <reporter-output>
          </reporter-output>
        </test-method> <!-- test -->
        <test-method status="PASS" signature="tearDown()[pri:0, instance:TestDataDrivenJiPath@13805618]" name="tearDown" is-config="true" duration-ms="0" started-at="2021-12-10T17:04:35 CST" finished-at="2021-12-10T17:04:35 CST">
          <reporter-output>
          </reporter-output>
        </test-method> <!-- tearDown -->
        <test-method status="PASS" signature="test(java.lang.String,java.lang.String,java.lang.String,java.lang.String)[pri:0, instance:TestDataDrivenJiPath@13805618]" name="test" duration-ms="1" started-at="2021-12-10T17:04:35 CST" data-provider="testData" finished-at="2021-12-10T17:04:35 CST">
          <params>
            <param index="0">
              <value>
                <![CDATA[4]]>
              </value>
            </param>
            <param index="1">
              <value>
                <![CDATA[1]]>
              </value>
            </param>
            <param index="2">
              <value>
                <![CDATA[1]]>
              </value>
            </param>
            <param index="3">
              <value>
                <![CDATA[ 4]]>
              </value>
            </param>
          </params>
          <reporter-output>
          </reporter-output>
        </test-method> <!-- test -->
        <test-method status="PASS" signature="setUp()[pri:0, instance:TestDataDrivenJiPath@13805618]" name="setUp" is-config="true" duration-ms="0" started-at="2021-12-10T17:04:35 CST" finished-at="2021-12-10T17:04:35 CST">
          <reporter-output>
          </reporter-output>
        </test-method> <!-- setUp -->
        <test-method status="PASS" signature="tearDown()[pri:0, instance:TestDataDrivenJiPath@13805618]" name="tearDown" is-config="true" duration-ms="0" started-at="2021-12-10T17:04:35 CST" finished-at="2021-12-10T17:04:35 CST">
          <reporter-output>
          </reporter-output>
        </test-method> <!-- tearDown -->
        <test-method status="PASS" signature="test(java.lang.String,java.lang.String,java.lang.String,java.lang.String)[pri:0, instance:TestDataDrivenJiPath@13805618]" name="test" duration-ms="0" started-at="2021-12-10T17:04:35 CST" data-provider="testData" finished-at="2021-12-10T17:04:35 CST">
          <params>
            <param index="0">
              <value>
                <![CDATA[5]]>
              </value>
            </param>
            <param index="1">
              <value>
                <![CDATA[1]]>
              </value>
            </param>
            <param index="2">
              <value>
                <![CDATA[1]]>
              </value>
            </param>
            <param index="3">
              <value>
                <![CDATA[ 6]]>
              </value>
            </param>
          </params>
          <reporter-output>
          </reporter-output>
        </test-method> <!-- test -->
        <test-method status="PASS" signature="setUp()[pri:0, instance:TestDataDrivenJiPath@13805618]" name="setUp" is-config="true" duration-ms="0" started-at="2021-12-10T17:04:35 CST" finished-at="2021-12-10T17:04:35 CST">
          <reporter-output>
          </reporter-output>
        </test-method> <!-- setUp -->
        <test-method status="PASS" signature="tearDown()[pri:0, instance:TestDataDrivenJiPath@13805618]" name="tearDown" is-config="true" duration-ms="1" started-at="2021-12-10T17:04:35 CST" finished-at="2021-12-10T17:04:35 CST">
          <reporter-output>
          </reporter-output>
        </test-method> <!-- tearDown -->
        <test-method status="PASS" signature="setUp()[pri:0, instance:TestDataDrivenJiPath@13805618]" name="setUp" is-config="true" duration-ms="1" started-at="2021-12-10T17:04:35 CST" finished-at="2021-12-10T17:04:35 CST">
          <reporter-output>
          </reporter-output>
        </test-method> <!-- setUp -->
        <test-method status="PASS" signature="test(java.lang.String,java.lang.String,java.lang.String,java.lang.String)[pri:0, instance:TestDataDrivenJiPath@13805618]" name="test" duration-ms="0" started-at="2021-12-10T17:04:35 CST" data-provider="testData" finished-at="2021-12-10T17:04:35 CST">
          <params>
            <param index="0">
              <value>
                <![CDATA[6]]>
              </value>
            </param>
            <param index="1">
              <value>
                <![CDATA[1]]>
              </value>
            </param>
            <param index="2">
              <value>
                <![CDATA[10]]>
              </value>
            </param>
            <param index="3">
              <value>
                <![CDATA[ 2]]>
              </value>
            </param>
          </params>
          <reporter-output>
          </reporter-output>
        </test-method> <!-- test -->
        <test-method status="PASS" signature="tearDown()[pri:0, instance:TestDataDrivenJiPath@13805618]" name="tearDown" is-config="true" duration-ms="0" started-at="2021-12-10T17:04:35 CST" finished-at="2021-12-10T17:04:35 CST">
          <reporter-output>
          </reporter-output>
        </test-method> <!-- tearDown -->
        <test-method status="PASS" signature="test(java.lang.String,java.lang.String,java.lang.String,java.lang.String)[pri:0, instance:TestDataDrivenJiPath@13805618]" name="test" duration-ms="0" started-at="2021-12-10T17:04:35 CST" data-provider="testData" finished-at="2021-12-10T17:04:35 CST">
          <params>
            <param index="0">
              <value>
                <![CDATA[4]]>
              </value>
            </param>
            <param index="1">
              <value>
                <![CDATA[2]]>
              </value>
            </param>
            <param index="2">
              <value>
                <![CDATA[1]]>
              </value>
            </param>
            <param index="3">
              <value>
                <![CDATA[ 0]]>
              </value>
            </param>
          </params>
          <reporter-output>
          </reporter-output>
        </test-method> <!-- test -->
        <test-method status="PASS" signature="setUp()[pri:0, instance:TestDataDrivenJiPath@13805618]" name="setUp" is-config="true" duration-ms="0" started-at="2021-12-10T17:04:35 CST" finished-at="2021-12-10T17:04:35 CST">
          <reporter-output>
          </reporter-output>
        </test-method> <!-- setUp -->
        <test-method status="PASS" signature="tearDown()[pri:0, instance:TestDataDrivenJiPath@13805618]" name="tearDown" is-config="true" duration-ms="0" started-at="2021-12-10T17:04:35 CST" finished-at="2021-12-10T17:04:35 CST">
          <reporter-output>
          </reporter-output>
        </test-method> <!-- tearDown -->
        <test-method status="PASS" signature="setUp()[pri:0, instance:TestDataDrivenJiPath@13805618]" name="setUp" is-config="true" duration-ms="5" started-at="2021-12-10T17:04:35 CST" finished-at="2021-12-10T17:04:35 CST">
          <reporter-output>
          </reporter-output>
        </test-method> <!-- setUp -->
        <test-method status="PASS" signature="test(java.lang.String,java.lang.String,java.lang.String,java.lang.String)[pri:0, instance:TestDataDrivenJiPath@13805618]" name="test" duration-ms="0" started-at="2021-12-10T17:04:35 CST" data-provider="testData" finished-at="2021-12-10T17:04:35 CST">
          <params>
            <param index="0">
              <value>
                <![CDATA[4]]>
              </value>
            </param>
            <param index="1">
              <value>
                <![CDATA[3]]>
              </value>
            </param>
            <param index="2">
              <value>
                <![CDATA[1]]>
              </value>
            </param>
            <param index="3">
              <value>
                <![CDATA[ 1]]>
              </value>
            </param>
          </params>
          <reporter-output>
          </reporter-output>
        </test-method> <!-- test -->
        <test-method status="PASS" signature="tearDown()[pri:0, instance:TestDataDrivenJiPath@13805618]" name="tearDown" is-config="true" duration-ms="0" started-at="2021-12-10T17:04:35 CST" finished-at="2021-12-10T17:04:35 CST">
          <reporter-output>
          </reporter-output>
        </test-method> <!-- tearDown -->
        <test-method status="PASS" signature="setUp()[pri:0, instance:TestDataDrivenJiPath@13805618]" name="setUp" is-config="true" duration-ms="1" started-at="2021-12-10T17:04:35 CST" finished-at="2021-12-10T17:04:35 CST">
          <reporter-output>
          </reporter-output>
        </test-method> <!-- setUp -->
        <test-method status="PASS" signature="tearDown()[pri:0, instance:TestDataDrivenJiPath@13805618]" name="tearDown" is-config="true" duration-ms="0" started-at="2021-12-10T17:04:35 CST" finished-at="2021-12-10T17:04:35 CST">
          <reporter-output>
          </reporter-output>
        </test-method> <!-- tearDown -->
        <test-method status="PASS" signature="test(java.lang.String,java.lang.String,java.lang.String,java.lang.String)[pri:0, instance:TestDataDrivenJiPath@13805618]" name="test" duration-ms="0" started-at="2021-12-10T17:04:35 CST" data-provider="testData" finished-at="2021-12-10T17:04:35 CST">
          <params>
            <param index="0">
              <value>
                <![CDATA[4]]>
              </value>
            </param>
            <param index="1">
              <value>
                <![CDATA[4]]>
              </value>
            </param>
            <param index="2">
              <value>
                <![CDATA[1]]>
              </value>
            </param>
            <param index="3">
              <value>
                <![CDATA[ 4]]>
              </value>
            </param>
          </params>
          <reporter-output>
          </reporter-output>
        </test-method> <!-- test -->
        <test-method status="PASS" signature="end()[pri:0, instance:TestDataDrivenJiPath@13805618]" name="end" is-config="true" duration-ms="0" started-at="2021-12-10T17:04:35 CST" finished-at="2021-12-10T17:04:35 CST">
          <reporter-output>
          </reporter-output>
        </test-method> <!-- end -->
      </class> <!-- TestDataDrivenJiPath -->
    </test> <!-- TestNGExp -->
  </suite> <!-- Default Suite -->
</testng-results>
